0 info it worked if it ends with ok
1 verbose cli [ 'node', '/usr/local/bin/npm', 'version', 'major' ]
2 info using npm@2.12.0
3 info using node@v0.12.7
4 verbose node symlink /usr/bin/node
5 info preversion activecampaign-reseller@2.0.0
6 info git [ 'status', '--porcelain' ]
7 verbose stack Error: Error: Git working directory not clean.
7 verbose stack M README.md
7 verbose stack D  config.js
7 verbose stack D  index.js
7 verbose stack M lib/index.js
7 verbose stack M package.json
7 verbose stack     at /usr/local/lib/node_modules/npm/lib/version.js:71:23
7 verbose stack     at /usr/local/lib/node_modules/npm/lib/version.js:151:34
7 verbose stack     at ChildProcess.exithandler (child_process.js:742:7)
7 verbose stack     at ChildProcess.emit (events.js:110:17)
7 verbose stack     at maybeClose (child_process.js:1015:16)
7 verbose stack     at Socket.<anonymous> (child_process.js:1183:11)
7 verbose stack     at Socket.emit (events.js:107:17)
7 verbose stack     at Pipe.close (net.js:485:12)
8 verbose cwd /home/sharry/Development/Projects/activecampaign-reseller
9 error Linux 3.13.0-57-generic
10 error argv "node" "/usr/local/bin/npm" "version" "major"
11 error node v0.12.7
12 error npm  v2.12.0
13 error Error: Git working directory not clean.
13 error M README.md
13 error D  config.js
13 error D  index.js
13 error M lib/index.js
13 error M package.json
14 error If you need help, you may report this error at:
14 error     <https://github.com/npm/npm/issues>
15 verbose exit [ 1, true ]
